<?xml version="1.0" encoding="UTF-8"?>
<!-- Generated by org.testng.reporters.JUnitReportReporter -->
<testsuite skipped="0" hostname="ETPL-WK-SIF9411" name="NG1.sodexopage" tests="1" failures="0" timestamp="2020-07-30T16:10:15 IST" time="15.342" errors="0">
  <testcase name="sodexo11" time="15.342" classname="NG1.sodexopage"/>
  <system-out/>
</testsuite> <!-- NG1.sodexopage -->
