<?xml version="1.0" encoding="UTF-8"?>
<!-- Generated by org.testng.reporters.JUnitReportReporter -->
<testsuite skipped="0" hostname="ETPL-WK-SIF9411" name="SodexoPOMcases.verifylilavatilogin" tests="1" failures="0" timestamp="2020-08-05T20:05:11 IST" time="8.602" errors="0">
  <testcase name="verifyvalidlogin" time="8.602" classname="SodexoPOMcases.verifylilavatilogin"/>
  <system-out/>
</testsuite> <!-- SodexoPOMcases.verifylilavatilogin -->
