<?xml version="1.0" encoding="UTF-8"?>
<!-- Generated by org.testng.reporters.JUnitReportReporter -->
<testsuite hostname="ETPL-WK-SIF9411" failures="0" tests="1" name="NG.testfibonaci" time="0.004" errors="0" timestamp="2020-07-30T16:12:49 IST" skipped="0">
  <testcase classname="NG.testfibonaci" name="test11" time="0.004"/>
  <system-out/>
</testsuite> <!-- NG.testfibonaci -->
