<?xml version="1.0" encoding="UTF-8"?>
<!-- Generated by org.testng.reporters.JUnitReportReporter -->
<testsuite skipped="0" hostname="ETPL-WK-SIF9411" name="NG.Invocationcounttest" tests="10" failures="0" timestamp="2020-08-07T13:12:20 IST" time="0.002" errors="0">
  <testcase name="sum" time="0.000" classname="NG.Invocationcounttest"/>
  <system-out/>
  <testcase name="sum" time="0.000" classname="NG.Invocationcounttest"/>
  <system-out/>
  <testcase name="sum" time="0.001" classname="NG.Invocationcounttest"/>
  <system-out/>
  <testcase name="sum" time="0.000" classname="NG.Invocationcounttest"/>
  <system-out/>
  <testcase name="sum" time="0.000" classname="NG.Invocationcounttest"/>
  <system-out/>
  <testcase name="sum" time="0.000" classname="NG.Invocationcounttest"/>
  <system-out/>
  <testcase name="sum" time="0.000" classname="NG.Invocationcounttest"/>
  <system-out/>
  <testcase name="sum" time="0.000" classname="NG.Invocationcounttest"/>
  <system-out/>
  <testcase name="sum" time="0.001" classname="NG.Invocationcounttest"/>
  <system-out/>
  <testcase name="sum" time="0.000" classname="NG.Invocationcounttest"/>
  <system-out/>
</testsuite> <!-- NG.Invocationcounttest -->
