<?xml version="1.0" encoding="UTF-8"?>
<!-- Generated by org.testng.reporters.JUnitReportReporter -->
<testsuite skipped="0" hostname="ETPL-WK-SIF9411" name="NG.Alltest" tests="2" failures="0" timestamp="2020-08-07T13:12:20 IST" time="21.697" errors="0">
  <testcase name="test2" time="21.696" classname="NG.Alltest"/>
  <system-out/>
  <testcase name="test1" time="0.001" classname="NG.Alltest"/>
  <system-out/>
</testsuite> <!-- NG.Alltest -->
