<?xml version="1.0" encoding="UTF-8"?>
<!-- Generated by org.testng.reporters.JUnitReportReporter -->
<testsuite skipped="0" hostname="ETPL-WK-SIF9411" name="SodexoPOMcases.verifyvalidlogins" tests="1" failures="0" timestamp="2020-08-06T18:10:58 IST" time="16.100" errors="0">
  <testcase name="chckvaliduser" time="16.100" classname="SodexoPOMcases.verifyvalidlogins"/>
  <system-out/>
</testsuite> <!-- SodexoPOMcases.verifyvalidlogins -->
