<?xml version="1.0" encoding="UTF-8"?>
<!-- Generated by org.testng.reporters.JUnitReportReporter -->
<testsuite skipped="0" hostname="ETPL-WK-SIF9411" name="NG.Sodexotestcases" tests="7" failures="0" timestamp="2020-08-07T13:12:20 IST" time="74.281" errors="0">
  <testcase name="searchward" time="15.677" classname="NG.Sodexotestcases"/>
  <system-out/>
  <testcase name="searchbypatientname" time="14.118" classname="NG.Sodexotestcases"/>
  <system-out/>
  <testcase name="patientransferdetails" time="11.493" classname="NG.Sodexotestcases"/>
  <system-out/>
  <testcase name="nextbutton" time="9.496" classname="NG.Sodexotestcases"/>
  <system-out/>
  <testcase name="test0" time="7.349" classname="NG.Sodexotestcases"/>
  <system-out/>
  <testcase name="test1" time="7.538" classname="NG.Sodexotestcases"/>
  <system-out/>
  <testcase name="test2" time="8.610" classname="NG.Sodexotestcases"/>
  <system-out/>
</testsuite> <!-- NG.Sodexotestcases -->
