<?xml version="1.0" encoding="UTF-8"?>
<!-- Generated by org.testng.reporters.JUnitReportReporter -->
<testsuite skipped="0" hostname="ETPL-WK-SIF9411" name="NG.sodexopageopen" tests="1" failures="0" timestamp="2020-07-30T13:23:25 IST" time="13.069" errors="0">
  <testcase name="s1" time="13.069" classname="NG.sodexopageopen"/>
  <system-out/>
</testsuite> <!-- NG.sodexopageopen -->
