<?xml version="1.0" encoding="UTF-8"?>
<!-- Generated by org.testng.reporters.JUnitReportReporter -->
<testsuite skipped="0" hostname="ETPL-WK-SIF9411" name="SodexoPOMcases.verifylilavatilogin1" tests="1" failures="0" timestamp="2020-08-05T19:52:19 IST" time="6.989" errors="0">
  <testcase name="verifyvalidlogin" time="6.989" classname="SodexoPOMcases.verifylilavatilogin1"/>
  <system-out/>
</testsuite> <!-- SodexoPOMcases.verifylilavatilogin1 -->
