<?xml version="1.0" encoding="UTF-8"?>
<!-- Generated by org.testng.reporters.JUnitReportReporter -->
<testsuite skipped="0" hostname="ETPL-WK-SIF9411" name="NG.Exceptiontimeouttest" tests="1" failures="0" timestamp="2020-08-07T13:12:20 IST" time="0.000" errors="0">
  <testcase name="test1" time="0.000" classname="NG.Exceptiontimeouttest"/>
  <system-out/>
</testsuite> <!-- NG.Exceptiontimeouttest -->
